<?xml version="1.0" encoding="UTF-8"?>
<testng-results skipped="0" failed="0" total="1" passed="1">
  <reporter-output>
  </reporter-output>
  <suite name="Default suite" duration-ms="4280" started-at="2019-07-19T09:06:24Z" finished-at="2019-07-19T09:06:28Z">
    <groups>
    </groups>
    <test name="Default test" duration-ms="4280" started-at="2019-07-19T09:06:24Z" finished-at="2019-07-19T09:06:28Z">
      <class name="Restttapii.APII.GetPathParam">
        <test-method status="PASS" signature="Pathparam()[pri:0, instance:Restttapii.APII.GetPathParam@7907ec20]" name="Pathparam" duration-ms="4251" started-at="2019-07-19T14:36:24Z" finished-at="2019-07-19T14:36:28Z">
          <reporter-output>
          </reporter-output>
        </test-method> <!-- Pathparam -->
      </class> <!-- Restttapii.APII.GetPathParam -->
    </test> <!-- Default test -->
  </suite> <!-- Default suite -->
</testng-results>
